debug: Thu, 01 Dec 2022 01:30:21 GMT
debug: Project: E:\myCocosGame\cocosCreator\myYoumingArcher
debug: Targets: editor,preview
debug: Incremental file seems great.
debug: Engine path: D:\CocosDashboard\resources\.editors\Creator\3.6.2\resources\resources\3d\engine
debug: Initializing target [Editor]
debug: Loading cache
debug: Loading cache costs 19.894700000062585ms.
debug: Engine features shipped in editor: base,gfx-webgl,gfx-webgl2,3d,animation,skeletal-animation,2d,ui,particle,particle-2d,physics-framework,physics-2d-framework,intersection-2d,primitive,profiler,occlusion-query,geometry-renderer,debug-renderer,audio,video,xr,terrain,webview,tween,tiled-map,spine,dragon-bones,marionette,custom-pipeline
debug: Our import map(foo:/bar): {
  "imports": {
    "cc": "cce:/internal/x/cc"
  }
}
debug: Initializing target [Preview]
debug: Loading cache
debug: Loading cache costs 21.108899999875575ms.
debug: Our import map(foo:/bar): {
  "imports": {
    "cc": "cce:/internal/x/cc"
  }
}
debug: Sync engine features: 2d,3d,animation,audio,base,dragon-bones,gfx-webgl,gfx-webgl2,intersection-2d,marionette,particle,particle-2d,physics-2d-box2d,physics-ammo,primitive,profiler,skeletal-animation,spine,terrain,tiled-map,tween,ui,video,webview,xr
debug: Reset databases. Enumerated domains: [
  {
    "root": "db://internal/",
    "physical": "D:\\CocosDashboard\\resources\\.editors\\Creator\\3.6.2\\resources\\resources\\3d\\engine\\editor\\assets"
  },
  {
    "root": "db://assets/",
    "physical": "E:\\myCocosGame\\cocosCreator\\myYoumingArcher\\assets"
  }
]
debug: Our import map(foo:/bar): {
  "imports": {
    "cc": "cce:/internal/x/cc",
    "db://internal/": "file:///D:/CocosDashboard/resources/.editors/Creator/3.6.2/resources/resources/3d/engine/editor/assets/",
    "db://assets/": "file:///E:/myCocosGame/cocosCreator/myYoumingArcher/assets/"
  }
}
debug: Our import map(foo:/bar): {
  "imports": {
    "cc": "cce:/internal/x/cc",
    "db://internal/": "file:///D:/CocosDashboard/resources/.editors/Creator/3.6.2/resources/resources/3d/engine/editor/assets/",
    "db://assets/": "file:///E:/myCocosGame/cocosCreator/myYoumingArcher/assets/"
  }
}
debug: Pulling asset-db.
debug: Fetch asset-db cost: 4.644800000125542ms.
debug: Build iteration starts.
Number of accumulated asset changes: 10
Feature changed: false
debug: Target(editor) build started.
debug: Detected change: cce:/internal/x/cc. Last mtime: Thu Jan 01 1970 08:00:06 GMT+0800 (中国标准时间), Current mtime: Thu Jan 01 1970 08:00:06 GMT+0800 (中国标准时间)
debug: Inspect cce:/internal/x/cc
debug: Resolve cce:/internal/x/cc-fu/base from cce:/internal/x/cc as external dependency cce:/internal/x/cc-fu/base.
debug: Resolve cce:/internal/x/cc-fu/gfx-webgl from cce:/internal/x/cc as external dependency cce:/internal/x/cc-fu/gfx-webgl.
debug: Resolve cce:/internal/x/cc-fu/gfx-webgl2 from cce:/internal/x/cc as external dependency cce:/internal/x/cc-fu/gfx-webgl2.
debug: Resolve cce:/internal/x/cc-fu/3d from cce:/internal/x/cc as external dependency cce:/internal/x/cc-fu/3d.
debug: Resolve cce:/internal/x/cc-fu/animation from cce:/internal/x/cc as external dependency cce:/internal/x/cc-fu/animation.
debug: Resolve cce:/internal/x/cc-fu/skeletal-animation from cce:/internal/x/cc as external dependency cce:/internal/x/cc-fu/skeletal-animation.
debug: Resolve cce:/internal/x/cc-fu/2d from cce:/internal/x/cc as external dependency cce:/internal/x/cc-fu/2d.
debug: Resolve cce:/internal/x/cc-fu/ui from cce:/internal/x/cc as external dependency cce:/internal/x/cc-fu/ui.
debug: Resolve cce:/internal/x/cc-fu/particle from cce:/internal/x/cc as external dependency cce:/internal/x/cc-fu/particle.
debug: Resolve cce:/internal/x/cc-fu/particle-2d from cce:/internal/x/cc as external dependency cce:/internal/x/cc-fu/particle-2d.
debug: Resolve cce:/internal/x/cc-fu/physics-framework from cce:/internal/x/cc as external dependency cce:/internal/x/cc-fu/physics-framework.
debug: Resolve cce:/internal/x/cc-fu/physics-2d-framework from cce:/internal/x/cc as external dependency cce:/internal/x/cc-fu/physics-2d-framework.
debug: Resolve cce:/internal/x/cc-fu/intersection-2d from cce:/internal/x/cc as external dependency cce:/internal/x/cc-fu/intersection-2d.
debug: Resolve cce:/internal/x/cc-fu/primitive from cce:/internal/x/cc as external dependency cce:/internal/x/cc-fu/primitive.
debug: Resolve cce:/internal/x/cc-fu/profiler from cce:/internal/x/cc as external dependency cce:/internal/x/cc-fu/profiler.
debug: Resolve cce:/internal/x/cc-fu/geometry-renderer from cce:/internal/x/cc as external dependency cce:/internal/x/cc-fu/geometry-renderer.
debug: Resolve cce:/internal/x/cc-fu/audio from cce:/internal/x/cc as external dependency cce:/internal/x/cc-fu/audio.
debug: Resolve cce:/internal/x/cc-fu/video from cce:/internal/x/cc as external dependency cce:/internal/x/cc-fu/video.
debug: Resolve cce:/internal/x/cc-fu/xr from cce:/internal/x/cc as external dependency cce:/internal/x/cc-fu/xr.
debug: Resolve cce:/internal/x/cc-fu/terrain from cce:/internal/x/cc as external dependency cce:/internal/x/cc-fu/terrain.
debug: Resolve cce:/internal/x/cc-fu/webview from cce:/internal/x/cc as external dependency cce:/internal/x/cc-fu/webview.
debug: Resolve cce:/internal/x/cc-fu/tween from cce:/internal/x/cc as external dependency cce:/internal/x/cc-fu/tween.
debug: Resolve cce:/internal/x/cc-fu/tiled-map from cce:/internal/x/cc as external dependency cce:/internal/x/cc-fu/tiled-map.
debug: Resolve cce:/internal/x/cc-fu/spine from cce:/internal/x/cc as external dependency cce:/internal/x/cc-fu/spine.
debug: Resolve cce:/internal/x/cc-fu/dragon-bones from cce:/internal/x/cc as external dependency cce:/internal/x/cc-fu/dragon-bones.
debug: Resolve cce:/internal/x/cc-fu/custom-pipeline from cce:/internal/x/cc as external dependency cce:/internal/x/cc-fu/custom-pipeline.
debug: Detected change: cce:/internal/x/prerequisite-imports. Last mtime: Sat Jan 03 1970 14:52:31 GMT+0800 (中国标准时间), Current mtime: Thu Jan 01 1970 08:00:06 GMT+0800 (中国标准时间)
debug: Inspect cce:/internal/x/prerequisite-imports
debug: Resolve file:///E:/myCocosGame/cocosCreator/myYoumingArcher/assets/script/framework/audioManager.ts from cce:/internal/x/prerequisite-imports as file:///E:/myCocosGame/cocosCreator/myYoumingArcher/assets/script/framework/audioManager.ts.
debug: Resolve cce:/internal/code-quality/cr.mjs from file:///E:/myCocosGame/cocosCreator/myYoumingArcher/assets/script/framework/audioManager.ts as cce:/internal/code-quality/cr.mjs.
debug: Detected change: cce:/internal/code-quality/cr.mjs. Last mtime: Mon Nov 28 2022 10:34:51 GMT+0800 (中国标准时间), Current mtime: Thu Dec 01 2022 09:30:14 GMT+0800 (中国标准时间)
debug: Inspect cce:/internal/code-quality/cr.mjs
debug: Resolve cc from file:///E:/myCocosGame/cocosCreator/myYoumingArcher/assets/script/framework/audioManager.ts as cce:/internal/x/cc.
debug: Resolve cc from file:///E:/myCocosGame/cocosCreator/myYoumingArcher/assets/script/framework/audioManager.ts as cce:/internal/x/cc.
debug: Resolve ./lodash from file:///E:/myCocosGame/cocosCreator/myYoumingArcher/assets/script/framework/audioManager.ts as file:///E:/myCocosGame/cocosCreator/myYoumingArcher/assets/script/framework/lodash.ts.
debug: Resolve cc from file:///E:/myCocosGame/cocosCreator/myYoumingArcher/assets/script/framework/lodash.ts as cce:/internal/x/cc.
debug: Resolve cc from file:///E:/myCocosGame/cocosCreator/myYoumingArcher/assets/script/framework/lodash.ts as cce:/internal/x/cc.
debug: Resolve cc from file:///E:/myCocosGame/cocosCreator/myYoumingArcher/assets/script/framework/lodash.ts as cce:/internal/x/cc.
debug: Resolve cc from file:///E:/myCocosGame/cocosCreator/myYoumingArcher/assets/script/framework/audioManager.ts as cce:/internal/x/cc.
debug: Resolve ./storageManager from file:///E:/myCocosGame/cocosCreator/myYoumingArcher/assets/script/framework/audioManager.ts as file:///E:/myCocosGame/cocosCreator/myYoumingArcher/assets/script/framework/storageManager.ts.
debug: Resolve cce:/internal/code-quality/cr.mjs from file:///E:/myCocosGame/cocosCreator/myYoumingArcher/assets/script/framework/storageManager.ts as cce:/internal/code-quality/cr.mjs.
debug: Resolve cc from file:///E:/myCocosGame/cocosCreator/myYoumingArcher/assets/script/framework/storageManager.ts as cce:/internal/x/cc.
debug: Resolve cc from file:///E:/myCocosGame/cocosCreator/myYoumingArcher/assets/script/framework/storageManager.ts as cce:/internal/x/cc.
debug: Resolve cc from file:///E:/myCocosGame/cocosCreator/myYoumingArcher/assets/script/framework/storageManager.ts as cce:/internal/x/cc.
debug: Resolve ./util from file:///E:/myCocosGame/cocosCreator/myYoumingArcher/assets/script/framework/storageManager.ts as file:///E:/myCocosGame/cocosCreator/myYoumingArcher/assets/script/framework/util.ts.
debug: Resolve cc from file:///E:/myCocosGame/cocosCreator/myYoumingArcher/assets/script/framework/util.ts as cce:/internal/x/cc.
debug: Resolve cc from file:///E:/myCocosGame/cocosCreator/myYoumingArcher/assets/script/framework/util.ts as cce:/internal/x/cc.
debug: Resolve cc from file:///E:/myCocosGame/cocosCreator/myYoumingArcher/assets/script/framework/util.ts as cce:/internal/x/cc.
debug: Resolve ./resourceUtil from file:///E:/myCocosGame/cocosCreator/myYoumingArcher/assets/script/framework/audioManager.ts as file:///E:/myCocosGame/cocosCreator/myYoumingArcher/assets/script/framework/resourceUtil.ts.
debug: Resolve cc from file:///E:/myCocosGame/cocosCreator/myYoumingArcher/assets/script/framework/resourceUtil.ts as cce:/internal/x/cc.
debug: Resolve cc from file:///E:/myCocosGame/cocosCreator/myYoumingArcher/assets/script/framework/resourceUtil.ts as cce:/internal/x/cc.
debug: Resolve cc from file:///E:/myCocosGame/cocosCreator/myYoumingArcher/assets/script/framework/resourceUtil.ts as cce:/internal/x/cc.
debug: Resolve file:///E:/myCocosGame/cocosCreator/myYoumingArcher/assets/script/framework/constant.ts from cce:/internal/x/prerequisite-imports as file:///E:/myCocosGame/cocosCreator/myYoumingArcher/assets/script/framework/constant.ts.
debug: Resolve cc from file:///E:/myCocosGame/cocosCreator/myYoumingArcher/assets/script/framework/constant.ts as cce:/internal/x/cc.
debug: Resolve file:///E:/myCocosGame/cocosCreator/myYoumingArcher/assets/script/framework/csvManager.ts from cce:/internal/x/prerequisite-imports as file:///E:/myCocosGame/cocosCreator/myYoumingArcher/assets/script/framework/csvManager.ts.
debug: Resolve cc from file:///E:/myCocosGame/cocosCreator/myYoumingArcher/assets/script/framework/csvManager.ts as cce:/internal/x/cc.
debug: Resolve cc from file:///E:/myCocosGame/cocosCreator/myYoumingArcher/assets/script/framework/csvManager.ts as cce:/internal/x/cc.
debug: Resolve cc from file:///E:/myCocosGame/cocosCreator/myYoumingArcher/assets/script/framework/csvManager.ts as cce:/internal/x/cc.
debug: Resolve file:///E:/myCocosGame/cocosCreator/myYoumingArcher/assets/script/framework/localConfig.ts from cce:/internal/x/prerequisite-imports as file:///E:/myCocosGame/cocosCreator/myYoumingArcher/assets/script/framework/localConfig.ts.
debug: Resolve cce:/internal/code-quality/cr.mjs from file:///E:/myCocosGame/cocosCreator/myYoumingArcher/assets/script/framework/localConfig.ts as cce:/internal/code-quality/cr.mjs.
debug: Resolve cc from file:///E:/myCocosGame/cocosCreator/myYoumingArcher/assets/script/framework/localConfig.ts as cce:/internal/x/cc.
debug: Resolve cc from file:///E:/myCocosGame/cocosCreator/myYoumingArcher/assets/script/framework/localConfig.ts as cce:/internal/x/cc.
debug: Resolve cc from file:///E:/myCocosGame/cocosCreator/myYoumingArcher/assets/script/framework/localConfig.ts as cce:/internal/x/cc.
debug: Resolve ./csvManager from file:///E:/myCocosGame/cocosCreator/myYoumingArcher/assets/script/framework/localConfig.ts as file:///E:/myCocosGame/cocosCreator/myYoumingArcher/assets/script/framework/csvManager.ts.
debug: Resolve ./resourceUtil from file:///E:/myCocosGame/cocosCreator/myYoumingArcher/assets/script/framework/localConfig.ts as file:///E:/myCocosGame/cocosCreator/myYoumingArcher/assets/script/framework/resourceUtil.ts.
debug: Resolve file:///E:/myCocosGame/cocosCreator/myYoumingArcher/assets/script/framework/lodash.ts from cce:/internal/x/prerequisite-imports as file:///E:/myCocosGame/cocosCreator/myYoumingArcher/assets/script/framework/lodash.ts.
debug: Resolve file:///E:/myCocosGame/cocosCreator/myYoumingArcher/assets/script/framework/resourceUtil.ts from cce:/internal/x/prerequisite-imports as file:///E:/myCocosGame/cocosCreator/myYoumingArcher/assets/script/framework/resourceUtil.ts.
debug: Resolve file:///E:/myCocosGame/cocosCreator/myYoumingArcher/assets/script/framework/storageManager.ts from cce:/internal/x/prerequisite-imports as file:///E:/myCocosGame/cocosCreator/myYoumingArcher/assets/script/framework/storageManager.ts.
debug: Resolve file:///E:/myCocosGame/cocosCreator/myYoumingArcher/assets/script/framework/util.ts from cce:/internal/x/prerequisite-imports as file:///E:/myCocosGame/cocosCreator/myYoumingArcher/assets/script/framework/util.ts.
debug: Resolve file:///E:/myCocosGame/cocosCreator/myYoumingArcher/assets/script/login.ts from cce:/internal/x/prerequisite-imports as file:///E:/myCocosGame/cocosCreator/myYoumingArcher/assets/script/login.ts.
debug: Resolve cce:/internal/code-quality/cr.mjs from file:///E:/myCocosGame/cocosCreator/myYoumingArcher/assets/script/login.ts as cce:/internal/code-quality/cr.mjs.
debug: Resolve cc from file:///E:/myCocosGame/cocosCreator/myYoumingArcher/assets/script/login.ts as cce:/internal/x/cc.
debug: Resolve cc from file:///E:/myCocosGame/cocosCreator/myYoumingArcher/assets/script/login.ts as cce:/internal/x/cc.
debug: Resolve cc from file:///E:/myCocosGame/cocosCreator/myYoumingArcher/assets/script/login.ts as cce:/internal/x/cc.
debug: Resolve ./framework/constant from file:///E:/myCocosGame/cocosCreator/myYoumingArcher/assets/script/login.ts as file:///E:/myCocosGame/cocosCreator/myYoumingArcher/assets/script/framework/constant.ts.
debug: Resolve file:///E:/myCocosGame/cocosCreator/myYoumingArcher/assets/script/main.ts from cce:/internal/x/prerequisite-imports as file:///E:/myCocosGame/cocosCreator/myYoumingArcher/assets/script/main.ts.
debug: Resolve cc from file:///E:/myCocosGame/cocosCreator/myYoumingArcher/assets/script/main.ts as cce:/internal/x/cc.
debug: Resolve cc from file:///E:/myCocosGame/cocosCreator/myYoumingArcher/assets/script/main.ts as cce:/internal/x/cc.
debug: Resolve cc from file:///E:/myCocosGame/cocosCreator/myYoumingArcher/assets/script/main.ts as cce:/internal/x/cc.
debug: Target(editor) ends with cost 127.46460000006482ms.
debug: Target(preview) build started.
debug: Detected change: cce:/internal/x/cc. Last mtime: Thu Jan 01 1970 08:00:06 GMT+0800 (中国标准时间), Current mtime: Thu Jan 01 1970 08:00:06 GMT+0800 (中国标准时间)
debug: Inspect cce:/internal/x/cc
debug: Resolve cce:/internal/x/cc-fu/2d from cce:/internal/x/cc as external dependency cce:/internal/x/cc-fu/2d.
debug: Resolve cce:/internal/x/cc-fu/3d from cce:/internal/x/cc as external dependency cce:/internal/x/cc-fu/3d.
debug: Resolve cce:/internal/x/cc-fu/animation from cce:/internal/x/cc as external dependency cce:/internal/x/cc-fu/animation.
debug: Resolve cce:/internal/x/cc-fu/audio from cce:/internal/x/cc as external dependency cce:/internal/x/cc-fu/audio.
debug: Resolve cce:/internal/x/cc-fu/base from cce:/internal/x/cc as external dependency cce:/internal/x/cc-fu/base.
debug: Resolve cce:/internal/x/cc-fu/dragon-bones from cce:/internal/x/cc as external dependency cce:/internal/x/cc-fu/dragon-bones.
debug: Resolve cce:/internal/x/cc-fu/gfx-webgl from cce:/internal/x/cc as external dependency cce:/internal/x/cc-fu/gfx-webgl.
debug: Resolve cce:/internal/x/cc-fu/gfx-webgl2 from cce:/internal/x/cc as external dependency cce:/internal/x/cc-fu/gfx-webgl2.
debug: Resolve cce:/internal/x/cc-fu/intersection-2d from cce:/internal/x/cc as external dependency cce:/internal/x/cc-fu/intersection-2d.
debug: Resolve cce:/internal/x/cc-fu/particle from cce:/internal/x/cc as external dependency cce:/internal/x/cc-fu/particle.
debug: Resolve cce:/internal/x/cc-fu/particle-2d from cce:/internal/x/cc as external dependency cce:/internal/x/cc-fu/particle-2d.
debug: Resolve cce:/internal/x/cc-fu/physics-2d-box2d from cce:/internal/x/cc as external dependency cce:/internal/x/cc-fu/physics-2d-box2d.
debug: Resolve cce:/internal/x/cc-fu/physics-2d-framework from cce:/internal/x/cc as external dependency cce:/internal/x/cc-fu/physics-2d-framework.
debug: Resolve cce:/internal/x/cc-fu/physics-ammo from cce:/internal/x/cc as external dependency cce:/internal/x/cc-fu/physics-ammo.
debug: Resolve cce:/internal/x/cc-fu/physics-framework from cce:/internal/x/cc as external dependency cce:/internal/x/cc-fu/physics-framework.
debug: Resolve cce:/internal/x/cc-fu/wait-for-ammo-instantiation from cce:/internal/x/cc as external dependency cce:/internal/x/cc-fu/wait-for-ammo-instantiation.
debug: Resolve cce:/internal/x/cc-fu/primitive from cce:/internal/x/cc as external dependency cce:/internal/x/cc-fu/primitive.
debug: Resolve cce:/internal/x/cc-fu/profiler from cce:/internal/x/cc as external dependency cce:/internal/x/cc-fu/profiler.
debug: Resolve cce:/internal/x/cc-fu/skeletal-animation from cce:/internal/x/cc as external dependency cce:/internal/x/cc-fu/skeletal-animation.
debug: Resolve cce:/internal/x/cc-fu/spine from cce:/internal/x/cc as external dependency cce:/internal/x/cc-fu/spine.
debug: Resolve cce:/internal/x/cc-fu/terrain from cce:/internal/x/cc as external dependency cce:/internal/x/cc-fu/terrain.
debug: Resolve cce:/internal/x/cc-fu/tiled-map from cce:/internal/x/cc as external dependency cce:/internal/x/cc-fu/tiled-map.
debug: Resolve cce:/internal/x/cc-fu/tween from cce:/internal/x/cc as external dependency cce:/internal/x/cc-fu/tween.
debug: Resolve cce:/internal/x/cc-fu/ui from cce:/internal/x/cc as external dependency cce:/internal/x/cc-fu/ui.
debug: Resolve cce:/internal/x/cc-fu/video from cce:/internal/x/cc as external dependency cce:/internal/x/cc-fu/video.
debug: Resolve cce:/internal/x/cc-fu/webview from cce:/internal/x/cc as external dependency cce:/internal/x/cc-fu/webview.
debug: Resolve cce:/internal/x/cc-fu/xr from cce:/internal/x/cc as external dependency cce:/internal/x/cc-fu/xr.
debug: Detected change: cce:/internal/x/prerequisite-imports. Last mtime: Sat Jan 03 1970 14:52:31 GMT+0800 (中国标准时间), Current mtime: Thu Jan 01 1970 08:00:07 GMT+0800 (中国标准时间)
debug: Inspect cce:/internal/x/prerequisite-imports
debug: Resolve file:///E:/myCocosGame/cocosCreator/myYoumingArcher/assets/script/framework/audioManager.ts from cce:/internal/x/prerequisite-imports as file:///E:/myCocosGame/cocosCreator/myYoumingArcher/assets/script/framework/audioManager.ts.
debug: Resolve cce:/internal/code-quality/cr.mjs from file:///E:/myCocosGame/cocosCreator/myYoumingArcher/assets/script/framework/audioManager.ts as cce:/internal/code-quality/cr.mjs.
debug: Detected change: cce:/internal/code-quality/cr.mjs. Last mtime: Mon Nov 28 2022 10:34:51 GMT+0800 (中国标准时间), Current mtime: Thu Dec 01 2022 09:30:14 GMT+0800 (中国标准时间)
debug: Inspect cce:/internal/code-quality/cr.mjs
debug: Resolve cc from file:///E:/myCocosGame/cocosCreator/myYoumingArcher/assets/script/framework/audioManager.ts as cce:/internal/x/cc.
debug: Resolve cc from file:///E:/myCocosGame/cocosCreator/myYoumingArcher/assets/script/framework/audioManager.ts as cce:/internal/x/cc.
debug: Resolve ./lodash from file:///E:/myCocosGame/cocosCreator/myYoumingArcher/assets/script/framework/audioManager.ts as file:///E:/myCocosGame/cocosCreator/myYoumingArcher/assets/script/framework/lodash.ts.
debug: Resolve cc from file:///E:/myCocosGame/cocosCreator/myYoumingArcher/assets/script/framework/lodash.ts as cce:/internal/x/cc.
debug: Resolve cc from file:///E:/myCocosGame/cocosCreator/myYoumingArcher/assets/script/framework/lodash.ts as cce:/internal/x/cc.
debug: Resolve cc from file:///E:/myCocosGame/cocosCreator/myYoumingArcher/assets/script/framework/lodash.ts as cce:/internal/x/cc.
debug: Resolve cc from file:///E:/myCocosGame/cocosCreator/myYoumingArcher/assets/script/framework/audioManager.ts as cce:/internal/x/cc.
debug: Resolve ./storageManager from file:///E:/myCocosGame/cocosCreator/myYoumingArcher/assets/script/framework/audioManager.ts as file:///E:/myCocosGame/cocosCreator/myYoumingArcher/assets/script/framework/storageManager.ts.
debug: Resolve cce:/internal/code-quality/cr.mjs from file:///E:/myCocosGame/cocosCreator/myYoumingArcher/assets/script/framework/storageManager.ts as cce:/internal/code-quality/cr.mjs.
debug: Resolve cc from file:///E:/myCocosGame/cocosCreator/myYoumingArcher/assets/script/framework/storageManager.ts as cce:/internal/x/cc.
debug: Resolve cc from file:///E:/myCocosGame/cocosCreator/myYoumingArcher/assets/script/framework/storageManager.ts as cce:/internal/x/cc.
debug: Resolve cc from file:///E:/myCocosGame/cocosCreator/myYoumingArcher/assets/script/framework/storageManager.ts as cce:/internal/x/cc.
debug: Resolve ./util from file:///E:/myCocosGame/cocosCreator/myYoumingArcher/assets/script/framework/storageManager.ts as file:///E:/myCocosGame/cocosCreator/myYoumingArcher/assets/script/framework/util.ts.
debug: Resolve cc from file:///E:/myCocosGame/cocosCreator/myYoumingArcher/assets/script/framework/util.ts as cce:/internal/x/cc.
debug: Resolve cc from file:///E:/myCocosGame/cocosCreator/myYoumingArcher/assets/script/framework/util.ts as cce:/internal/x/cc.
debug: Resolve cc from file:///E:/myCocosGame/cocosCreator/myYoumingArcher/assets/script/framework/util.ts as cce:/internal/x/cc.
debug: Resolve ./resourceUtil from file:///E:/myCocosGame/cocosCreator/myYoumingArcher/assets/script/framework/audioManager.ts as file:///E:/myCocosGame/cocosCreator/myYoumingArcher/assets/script/framework/resourceUtil.ts.
debug: Resolve cc from file:///E:/myCocosGame/cocosCreator/myYoumingArcher/assets/script/framework/resourceUtil.ts as cce:/internal/x/cc.
debug: Resolve cc from file:///E:/myCocosGame/cocosCreator/myYoumingArcher/assets/script/framework/resourceUtil.ts as cce:/internal/x/cc.
debug: Resolve cc from file:///E:/myCocosGame/cocosCreator/myYoumingArcher/assets/script/framework/resourceUtil.ts as cce:/internal/x/cc.
debug: Resolve file:///E:/myCocosGame/cocosCreator/myYoumingArcher/assets/script/framework/constant.ts from cce:/internal/x/prerequisite-imports as file:///E:/myCocosGame/cocosCreator/myYoumingArcher/assets/script/framework/constant.ts.
debug: Resolve cc from file:///E:/myCocosGame/cocosCreator/myYoumingArcher/assets/script/framework/constant.ts as cce:/internal/x/cc.
debug: Resolve file:///E:/myCocosGame/cocosCreator/myYoumingArcher/assets/script/framework/csvManager.ts from cce:/internal/x/prerequisite-imports as file:///E:/myCocosGame/cocosCreator/myYoumingArcher/assets/script/framework/csvManager.ts.
debug: Resolve cc from file:///E:/myCocosGame/cocosCreator/myYoumingArcher/assets/script/framework/csvManager.ts as cce:/internal/x/cc.
debug: Resolve cc from file:///E:/myCocosGame/cocosCreator/myYoumingArcher/assets/script/framework/csvManager.ts as cce:/internal/x/cc.
debug: Resolve cc from file:///E:/myCocosGame/cocosCreator/myYoumingArcher/assets/script/framework/csvManager.ts as cce:/internal/x/cc.
debug: Resolve file:///E:/myCocosGame/cocosCreator/myYoumingArcher/assets/script/framework/localConfig.ts from cce:/internal/x/prerequisite-imports as file:///E:/myCocosGame/cocosCreator/myYoumingArcher/assets/script/framework/localConfig.ts.
debug: Resolve cce:/internal/code-quality/cr.mjs from file:///E:/myCocosGame/cocosCreator/myYoumingArcher/assets/script/framework/localConfig.ts as cce:/internal/code-quality/cr.mjs.
debug: Resolve cc from file:///E:/myCocosGame/cocosCreator/myYoumingArcher/assets/script/framework/localConfig.ts as cce:/internal/x/cc.
debug: Resolve cc from file:///E:/myCocosGame/cocosCreator/myYoumingArcher/assets/script/framework/localConfig.ts as cce:/internal/x/cc.
debug: Resolve cc from file:///E:/myCocosGame/cocosCreator/myYoumingArcher/assets/script/framework/localConfig.ts as cce:/internal/x/cc.
debug: Resolve ./csvManager from file:///E:/myCocosGame/cocosCreator/myYoumingArcher/assets/script/framework/localConfig.ts as file:///E:/myCocosGame/cocosCreator/myYoumingArcher/assets/script/framework/csvManager.ts.
debug: Resolve ./resourceUtil from file:///E:/myCocosGame/cocosCreator/myYoumingArcher/assets/script/framework/localConfig.ts as file:///E:/myCocosGame/cocosCreator/myYoumingArcher/assets/script/framework/resourceUtil.ts.
debug: Resolve file:///E:/myCocosGame/cocosCreator/myYoumingArcher/assets/script/framework/lodash.ts from cce:/internal/x/prerequisite-imports as file:///E:/myCocosGame/cocosCreator/myYoumingArcher/assets/script/framework/lodash.ts.
debug: Resolve file:///E:/myCocosGame/cocosCreator/myYoumingArcher/assets/script/framework/resourceUtil.ts from cce:/internal/x/prerequisite-imports as file:///E:/myCocosGame/cocosCreator/myYoumingArcher/assets/script/framework/resourceUtil.ts.
debug: Resolve file:///E:/myCocosGame/cocosCreator/myYoumingArcher/assets/script/framework/storageManager.ts from cce:/internal/x/prerequisite-imports as file:///E:/myCocosGame/cocosCreator/myYoumingArcher/assets/script/framework/storageManager.ts.
debug: Resolve file:///E:/myCocosGame/cocosCreator/myYoumingArcher/assets/script/framework/util.ts from cce:/internal/x/prerequisite-imports as file:///E:/myCocosGame/cocosCreator/myYoumingArcher/assets/script/framework/util.ts.
debug: Resolve file:///E:/myCocosGame/cocosCreator/myYoumingArcher/assets/script/login.ts from cce:/internal/x/prerequisite-imports as file:///E:/myCocosGame/cocosCreator/myYoumingArcher/assets/script/login.ts.
debug: Resolve cce:/internal/code-quality/cr.mjs from file:///E:/myCocosGame/cocosCreator/myYoumingArcher/assets/script/login.ts as cce:/internal/code-quality/cr.mjs.
debug: Resolve cc from file:///E:/myCocosGame/cocosCreator/myYoumingArcher/assets/script/login.ts as cce:/internal/x/cc.
debug: Resolve cc from file:///E:/myCocosGame/cocosCreator/myYoumingArcher/assets/script/login.ts as cce:/internal/x/cc.
debug: Resolve cc from file:///E:/myCocosGame/cocosCreator/myYoumingArcher/assets/script/login.ts as cce:/internal/x/cc.
debug: Resolve ./framework/constant from file:///E:/myCocosGame/cocosCreator/myYoumingArcher/assets/script/login.ts as file:///E:/myCocosGame/cocosCreator/myYoumingArcher/assets/script/framework/constant.ts.
debug: Resolve file:///E:/myCocosGame/cocosCreator/myYoumingArcher/assets/script/main.ts from cce:/internal/x/prerequisite-imports as file:///E:/myCocosGame/cocosCreator/myYoumingArcher/assets/script/main.ts.
debug: Resolve cc from file:///E:/myCocosGame/cocosCreator/myYoumingArcher/assets/script/main.ts as cce:/internal/x/cc.
debug: Resolve cc from file:///E:/myCocosGame/cocosCreator/myYoumingArcher/assets/script/main.ts as cce:/internal/x/cc.
debug: Resolve cc from file:///E:/myCocosGame/cocosCreator/myYoumingArcher/assets/script/main.ts as cce:/internal/x/cc.
debug: Target(preview) ends with cost 110.98329999996349ms.
debug: Pulling asset-db.
debug: Fetch asset-db cost: 21.629900000058115ms.
debug: Build iteration starts.
Number of accumulated asset changes: 10
Feature changed: false
debug: Target(editor) build started.
debug: Detected change: cce:/internal/x/prerequisite-imports. Last mtime: Thu Jan 01 1970 08:00:06 GMT+0800 (中国标准时间), Current mtime: Thu Jan 01 1970 08:00:07 GMT+0800 (中国标准时间)
debug: Inspect cce:/internal/x/prerequisite-imports
debug: Resolve file:///E:/myCocosGame/cocosCreator/myYoumingArcher/assets/script/framework/audioManager.ts from cce:/internal/x/prerequisite-imports as file:///E:/myCocosGame/cocosCreator/myYoumingArcher/assets/script/framework/audioManager.ts.
debug: Resolve file:///E:/myCocosGame/cocosCreator/myYoumingArcher/assets/script/framework/constant.ts from cce:/internal/x/prerequisite-imports as file:///E:/myCocosGame/cocosCreator/myYoumingArcher/assets/script/framework/constant.ts.
debug: Resolve file:///E:/myCocosGame/cocosCreator/myYoumingArcher/assets/script/framework/csvManager.ts from cce:/internal/x/prerequisite-imports as file:///E:/myCocosGame/cocosCreator/myYoumingArcher/assets/script/framework/csvManager.ts.
debug: Resolve file:///E:/myCocosGame/cocosCreator/myYoumingArcher/assets/script/framework/localConfig.ts from cce:/internal/x/prerequisite-imports as file:///E:/myCocosGame/cocosCreator/myYoumingArcher/assets/script/framework/localConfig.ts.
debug: Resolve file:///E:/myCocosGame/cocosCreator/myYoumingArcher/assets/script/framework/lodash.ts from cce:/internal/x/prerequisite-imports as file:///E:/myCocosGame/cocosCreator/myYoumingArcher/assets/script/framework/lodash.ts.
debug: Resolve file:///E:/myCocosGame/cocosCreator/myYoumingArcher/assets/script/framework/resourceUtil.ts from cce:/internal/x/prerequisite-imports as file:///E:/myCocosGame/cocosCreator/myYoumingArcher/assets/script/framework/resourceUtil.ts.
debug: Resolve file:///E:/myCocosGame/cocosCreator/myYoumingArcher/assets/script/framework/storageManager.ts from cce:/internal/x/prerequisite-imports as file:///E:/myCocosGame/cocosCreator/myYoumingArcher/assets/script/framework/storageManager.ts.
debug: Resolve file:///E:/myCocosGame/cocosCreator/myYoumingArcher/assets/script/framework/util.ts from cce:/internal/x/prerequisite-imports as file:///E:/myCocosGame/cocosCreator/myYoumingArcher/assets/script/framework/util.ts.
debug: Resolve file:///E:/myCocosGame/cocosCreator/myYoumingArcher/assets/script/login.ts from cce:/internal/x/prerequisite-imports as file:///E:/myCocosGame/cocosCreator/myYoumingArcher/assets/script/login.ts.
debug: Resolve file:///E:/myCocosGame/cocosCreator/myYoumingArcher/assets/script/main.ts from cce:/internal/x/prerequisite-imports as file:///E:/myCocosGame/cocosCreator/myYoumingArcher/assets/script/main.ts.
debug: Target(editor) ends with cost 85.08580000000075ms.
debug: Target(preview) build started.
debug: Detected change: cce:/internal/x/prerequisite-imports. Last mtime: Thu Jan 01 1970 08:00:07 GMT+0800 (中国标准时间), Current mtime: Thu Jan 01 1970 08:00:07 GMT+0800 (中国标准时间)
debug: Inspect cce:/internal/x/prerequisite-imports
debug: Resolve file:///E:/myCocosGame/cocosCreator/myYoumingArcher/assets/script/framework/audioManager.ts from cce:/internal/x/prerequisite-imports as file:///E:/myCocosGame/cocosCreator/myYoumingArcher/assets/script/framework/audioManager.ts.
debug: Resolve file:///E:/myCocosGame/cocosCreator/myYoumingArcher/assets/script/framework/constant.ts from cce:/internal/x/prerequisite-imports as file:///E:/myCocosGame/cocosCreator/myYoumingArcher/assets/script/framework/constant.ts.
debug: Resolve file:///E:/myCocosGame/cocosCreator/myYoumingArcher/assets/script/framework/csvManager.ts from cce:/internal/x/prerequisite-imports as file:///E:/myCocosGame/cocosCreator/myYoumingArcher/assets/script/framework/csvManager.ts.
debug: Resolve file:///E:/myCocosGame/cocosCreator/myYoumingArcher/assets/script/framework/localConfig.ts from cce:/internal/x/prerequisite-imports as file:///E:/myCocosGame/cocosCreator/myYoumingArcher/assets/script/framework/localConfig.ts.
debug: Resolve file:///E:/myCocosGame/cocosCreator/myYoumingArcher/assets/script/framework/lodash.ts from cce:/internal/x/prerequisite-imports as file:///E:/myCocosGame/cocosCreator/myYoumingArcher/assets/script/framework/lodash.ts.
debug: Resolve file:///E:/myCocosGame/cocosCreator/myYoumingArcher/assets/script/framework/resourceUtil.ts from cce:/internal/x/prerequisite-imports as file:///E:/myCocosGame/cocosCreator/myYoumingArcher/assets/script/framework/resourceUtil.ts.
debug: Resolve file:///E:/myCocosGame/cocosCreator/myYoumingArcher/assets/script/framework/storageManager.ts from cce:/internal/x/prerequisite-imports as file:///E:/myCocosGame/cocosCreator/myYoumingArcher/assets/script/framework/storageManager.ts.
debug: Resolve file:///E:/myCocosGame/cocosCreator/myYoumingArcher/assets/script/framework/util.ts from cce:/internal/x/prerequisite-imports as file:///E:/myCocosGame/cocosCreator/myYoumingArcher/assets/script/framework/util.ts.
debug: Resolve file:///E:/myCocosGame/cocosCreator/myYoumingArcher/assets/script/login.ts from cce:/internal/x/prerequisite-imports as file:///E:/myCocosGame/cocosCreator/myYoumingArcher/assets/script/login.ts.
debug: Resolve file:///E:/myCocosGame/cocosCreator/myYoumingArcher/assets/script/main.ts from cce:/internal/x/prerequisite-imports as file:///E:/myCocosGame/cocosCreator/myYoumingArcher/assets/script/main.ts.
debug: Target(preview) ends with cost 51.7202999999281ms.
