debug: Fri, 25 Nov 2022 06:38:52 GMT
debug: Project: E:\myCocosGame\cocosCreator\mySimpleGame
debug: Targets: editor,preview
debug: Incremental file seems great.
debug: Engine path: D:\CocosDashboard\resources\.editors\Creator\3.6.2\resources\resources\3d\engine
debug: Initializing target [Editor]
debug: Loading cache
debug: Loading cache costs 2.0860999822616577ms.
debug: Engine features shipped in editor: base,gfx-webgl,gfx-webgl2,3d,animation,skeletal-animation,2d,ui,particle,particle-2d,physics-framework,physics-2d-framework,intersection-2d,primitive,profiler,occlusion-query,geometry-renderer,debug-renderer,audio,video,xr,terrain,webview,tween,tiled-map,spine,dragon-bones,marionette,custom-pipeline
debug: Our import map(foo:/bar): {
  "imports": {
    "cc": "cce:/internal/x/cc"
  }
}
debug: Initializing target [Preview]
debug: Loading cache
debug: Loading cache costs 18.853900015354156ms.
debug: Our import map(foo:/bar): {
  "imports": {
    "cc": "cce:/internal/x/cc"
  }
}
debug: Sync engine features: 2d,3d,animation,audio,base,dragon-bones,gfx-webgl,gfx-webgl2,intersection-2d,marionette,particle,particle-2d,physics-2d-box2d,physics-ammo,primitive,profiler,skeletal-animation,spine,terrain,tiled-map,tween,ui,video,webview,xr
debug: Reset databases. Enumerated domains: [
  {
    "root": "db://internal/",
    "physical": "D:\\CocosDashboard\\resources\\.editors\\Creator\\3.6.2\\resources\\resources\\3d\\engine\\editor\\assets"
  },
  {
    "root": "db://assets/",
    "physical": "E:\\myCocosGame\\cocosCreator\\mySimpleGame\\assets"
  }
]
debug: Our import map(foo:/bar): {
  "imports": {
    "cc": "cce:/internal/x/cc",
    "db://internal/": "file:///D:/CocosDashboard/resources/.editors/Creator/3.6.2/resources/resources/3d/engine/editor/assets/",
    "db://assets/": "file:///E:/myCocosGame/cocosCreator/mySimpleGame/assets/"
  }
}
debug: Our import map(foo:/bar): {
  "imports": {
    "cc": "cce:/internal/x/cc",
    "db://internal/": "file:///D:/CocosDashboard/resources/.editors/Creator/3.6.2/resources/resources/3d/engine/editor/assets/",
    "db://assets/": "file:///E:/myCocosGame/cocosCreator/mySimpleGame/assets/"
  }
}
debug: Pulling asset-db.
debug: Fetch asset-db cost: 4.99889999628067ms.
debug: Build iteration starts.
Number of accumulated asset changes: 5
Feature changed: false
debug: Target(editor) build started.
debug: Detected change: cce:/internal/x/cc. Last mtime: Thu Jan 01 1970 08:00:06 GMT+0800 (中国标准时间), Current mtime: Thu Jan 01 1970 08:00:06 GMT+0800 (中国标准时间)
debug: Inspect cce:/internal/x/cc
debug: Resolve cce:/internal/x/cc-fu/base from cce:/internal/x/cc as external dependency cce:/internal/x/cc-fu/base.
debug: Resolve cce:/internal/x/cc-fu/gfx-webgl from cce:/internal/x/cc as external dependency cce:/internal/x/cc-fu/gfx-webgl.
debug: Resolve cce:/internal/x/cc-fu/gfx-webgl2 from cce:/internal/x/cc as external dependency cce:/internal/x/cc-fu/gfx-webgl2.
debug: Resolve cce:/internal/x/cc-fu/3d from cce:/internal/x/cc as external dependency cce:/internal/x/cc-fu/3d.
debug: Resolve cce:/internal/x/cc-fu/animation from cce:/internal/x/cc as external dependency cce:/internal/x/cc-fu/animation.
debug: Resolve cce:/internal/x/cc-fu/skeletal-animation from cce:/internal/x/cc as external dependency cce:/internal/x/cc-fu/skeletal-animation.
debug: Resolve cce:/internal/x/cc-fu/2d from cce:/internal/x/cc as external dependency cce:/internal/x/cc-fu/2d.
debug: Resolve cce:/internal/x/cc-fu/ui from cce:/internal/x/cc as external dependency cce:/internal/x/cc-fu/ui.
debug: Resolve cce:/internal/x/cc-fu/particle from cce:/internal/x/cc as external dependency cce:/internal/x/cc-fu/particle.
debug: Resolve cce:/internal/x/cc-fu/particle-2d from cce:/internal/x/cc as external dependency cce:/internal/x/cc-fu/particle-2d.
debug: Resolve cce:/internal/x/cc-fu/physics-framework from cce:/internal/x/cc as external dependency cce:/internal/x/cc-fu/physics-framework.
debug: Resolve cce:/internal/x/cc-fu/physics-2d-framework from cce:/internal/x/cc as external dependency cce:/internal/x/cc-fu/physics-2d-framework.
debug: Resolve cce:/internal/x/cc-fu/intersection-2d from cce:/internal/x/cc as external dependency cce:/internal/x/cc-fu/intersection-2d.
debug: Resolve cce:/internal/x/cc-fu/primitive from cce:/internal/x/cc as external dependency cce:/internal/x/cc-fu/primitive.
debug: Resolve cce:/internal/x/cc-fu/profiler from cce:/internal/x/cc as external dependency cce:/internal/x/cc-fu/profiler.
debug: Resolve cce:/internal/x/cc-fu/geometry-renderer from cce:/internal/x/cc as external dependency cce:/internal/x/cc-fu/geometry-renderer.
debug: Resolve cce:/internal/x/cc-fu/audio from cce:/internal/x/cc as external dependency cce:/internal/x/cc-fu/audio.
debug: Resolve cce:/internal/x/cc-fu/video from cce:/internal/x/cc as external dependency cce:/internal/x/cc-fu/video.
debug: Resolve cce:/internal/x/cc-fu/xr from cce:/internal/x/cc as external dependency cce:/internal/x/cc-fu/xr.
debug: Resolve cce:/internal/x/cc-fu/terrain from cce:/internal/x/cc as external dependency cce:/internal/x/cc-fu/terrain.
debug: Resolve cce:/internal/x/cc-fu/webview from cce:/internal/x/cc as external dependency cce:/internal/x/cc-fu/webview.
debug: Resolve cce:/internal/x/cc-fu/tween from cce:/internal/x/cc as external dependency cce:/internal/x/cc-fu/tween.
debug: Resolve cce:/internal/x/cc-fu/tiled-map from cce:/internal/x/cc as external dependency cce:/internal/x/cc-fu/tiled-map.
debug: Resolve cce:/internal/x/cc-fu/spine from cce:/internal/x/cc as external dependency cce:/internal/x/cc-fu/spine.
debug: Resolve cce:/internal/x/cc-fu/dragon-bones from cce:/internal/x/cc as external dependency cce:/internal/x/cc-fu/dragon-bones.
debug: Resolve cce:/internal/x/cc-fu/custom-pipeline from cce:/internal/x/cc as external dependency cce:/internal/x/cc-fu/custom-pipeline.
debug: Detected change: cce:/internal/x/prerequisite-imports. Last mtime: Thu Jan 01 1970 09:03:38 GMT+0800 (中国标准时间), Current mtime: Thu Jan 01 1970 08:00:06 GMT+0800 (中国标准时间)
debug: Inspect cce:/internal/x/prerequisite-imports
debug: Resolve file:///E:/myCocosGame/cocosCreator/mySimpleGame/assets/simple-run/scripts/CameraFollow.ts from cce:/internal/x/prerequisite-imports as file:///E:/myCocosGame/cocosCreator/mySimpleGame/assets/simple-run/scripts/CameraFollow.ts.
debug: Inspect file:///E:/myCocosGame/cocosCreator/mySimpleGame/assets/simple-run/scripts/CameraFollow.ts
debug: Resolve cc from file:///E:/myCocosGame/cocosCreator/mySimpleGame/assets/simple-run/scripts/CameraFollow.ts as cce:/internal/x/cc.
debug: Resolve cc from file:///E:/myCocosGame/cocosCreator/mySimpleGame/assets/simple-run/scripts/CameraFollow.ts as cce:/internal/x/cc.
debug: Resolve cc from file:///E:/myCocosGame/cocosCreator/mySimpleGame/assets/simple-run/scripts/CameraFollow.ts as cce:/internal/x/cc.
debug: Resolve file:///E:/myCocosGame/cocosCreator/mySimpleGame/assets/simple-run/scripts/ColliderChecker.ts from cce:/internal/x/prerequisite-imports as file:///E:/myCocosGame/cocosCreator/mySimpleGame/assets/simple-run/scripts/ColliderChecker.ts.
debug: Inspect file:///E:/myCocosGame/cocosCreator/mySimpleGame/assets/simple-run/scripts/ColliderChecker.ts
debug: Resolve cce:/internal/code-quality/cr.mjs from file:///E:/myCocosGame/cocosCreator/mySimpleGame/assets/simple-run/scripts/ColliderChecker.ts as cce:/internal/code-quality/cr.mjs.
debug: Detected change: cce:/internal/code-quality/cr.mjs. Last mtime: Tue Nov 22 2022 09:39:30 GMT+0800 (中国标准时间), Current mtime: Fri Nov 25 2022 14:38:45 GMT+0800 (中国标准时间)
debug: Inspect cce:/internal/code-quality/cr.mjs
debug: Resolve cc from file:///E:/myCocosGame/cocosCreator/mySimpleGame/assets/simple-run/scripts/ColliderChecker.ts as cce:/internal/x/cc.
debug: Resolve cc from file:///E:/myCocosGame/cocosCreator/mySimpleGame/assets/simple-run/scripts/ColliderChecker.ts as cce:/internal/x/cc.
debug: Resolve cc from file:///E:/myCocosGame/cocosCreator/mySimpleGame/assets/simple-run/scripts/ColliderChecker.ts as cce:/internal/x/cc.
debug: Resolve ./PlayerController from file:///E:/myCocosGame/cocosCreator/mySimpleGame/assets/simple-run/scripts/ColliderChecker.ts as file:///E:/myCocosGame/cocosCreator/mySimpleGame/assets/simple-run/scripts/PlayerController.ts.
debug: Inspect file:///E:/myCocosGame/cocosCreator/mySimpleGame/assets/simple-run/scripts/PlayerController.ts
debug: Resolve cce:/internal/code-quality/cr.mjs from file:///E:/myCocosGame/cocosCreator/mySimpleGame/assets/simple-run/scripts/PlayerController.ts as cce:/internal/code-quality/cr.mjs.
debug: Resolve cc from file:///E:/myCocosGame/cocosCreator/mySimpleGame/assets/simple-run/scripts/PlayerController.ts as cce:/internal/x/cc.
debug: Resolve cc from file:///E:/myCocosGame/cocosCreator/mySimpleGame/assets/simple-run/scripts/PlayerController.ts as cce:/internal/x/cc.
debug: Resolve cc from file:///E:/myCocosGame/cocosCreator/mySimpleGame/assets/simple-run/scripts/PlayerController.ts as cce:/internal/x/cc.
debug: Resolve ./GameDefines from file:///E:/myCocosGame/cocosCreator/mySimpleGame/assets/simple-run/scripts/PlayerController.ts as file:///E:/myCocosGame/cocosCreator/mySimpleGame/assets/simple-run/scripts/GameDefines.ts.
debug: Inspect file:///E:/myCocosGame/cocosCreator/mySimpleGame/assets/simple-run/scripts/GameDefines.ts
debug: Resolve cc from file:///E:/myCocosGame/cocosCreator/mySimpleGame/assets/simple-run/scripts/GameDefines.ts as cce:/internal/x/cc.
debug: Resolve file:///E:/myCocosGame/cocosCreator/mySimpleGame/assets/simple-run/scripts/GameDefines.ts from cce:/internal/x/prerequisite-imports as file:///E:/myCocosGame/cocosCreator/mySimpleGame/assets/simple-run/scripts/GameDefines.ts.
debug: Resolve file:///E:/myCocosGame/cocosCreator/mySimpleGame/assets/simple-run/scripts/GameManager.ts from cce:/internal/x/prerequisite-imports as file:///E:/myCocosGame/cocosCreator/mySimpleGame/assets/simple-run/scripts/GameManager.ts.
debug: Inspect file:///E:/myCocosGame/cocosCreator/mySimpleGame/assets/simple-run/scripts/GameManager.ts
debug: Resolve cce:/internal/code-quality/cr.mjs from file:///E:/myCocosGame/cocosCreator/mySimpleGame/assets/simple-run/scripts/GameManager.ts as cce:/internal/code-quality/cr.mjs.
debug: Resolve cc from file:///E:/myCocosGame/cocosCreator/mySimpleGame/assets/simple-run/scripts/GameManager.ts as cce:/internal/x/cc.
debug: Resolve cc from file:///E:/myCocosGame/cocosCreator/mySimpleGame/assets/simple-run/scripts/GameManager.ts as cce:/internal/x/cc.
debug: Resolve cc from file:///E:/myCocosGame/cocosCreator/mySimpleGame/assets/simple-run/scripts/GameManager.ts as cce:/internal/x/cc.
debug: Resolve ./PlayerController from file:///E:/myCocosGame/cocosCreator/mySimpleGame/assets/simple-run/scripts/GameManager.ts as file:///E:/myCocosGame/cocosCreator/mySimpleGame/assets/simple-run/scripts/PlayerController.ts.
debug: Resolve ./GameDefines from file:///E:/myCocosGame/cocosCreator/mySimpleGame/assets/simple-run/scripts/GameManager.ts as file:///E:/myCocosGame/cocosCreator/mySimpleGame/assets/simple-run/scripts/GameDefines.ts.
debug: Resolve file:///E:/myCocosGame/cocosCreator/mySimpleGame/assets/simple-run/scripts/PlayerController.ts from cce:/internal/x/prerequisite-imports as file:///E:/myCocosGame/cocosCreator/mySimpleGame/assets/simple-run/scripts/PlayerController.ts.
debug: Target(editor) ends with cost 599.2502999901772ms.
debug: Target(preview) build started.
debug: Detected change: cce:/internal/x/cc. Last mtime: Thu Jan 01 1970 08:00:06 GMT+0800 (中国标准时间), Current mtime: Thu Jan 01 1970 08:00:06 GMT+0800 (中国标准时间)
debug: Inspect cce:/internal/x/cc
debug: Resolve cce:/internal/x/cc-fu/2d from cce:/internal/x/cc as external dependency cce:/internal/x/cc-fu/2d.
debug: Resolve cce:/internal/x/cc-fu/3d from cce:/internal/x/cc as external dependency cce:/internal/x/cc-fu/3d.
debug: Resolve cce:/internal/x/cc-fu/animation from cce:/internal/x/cc as external dependency cce:/internal/x/cc-fu/animation.
debug: Resolve cce:/internal/x/cc-fu/audio from cce:/internal/x/cc as external dependency cce:/internal/x/cc-fu/audio.
debug: Resolve cce:/internal/x/cc-fu/base from cce:/internal/x/cc as external dependency cce:/internal/x/cc-fu/base.
debug: Resolve cce:/internal/x/cc-fu/dragon-bones from cce:/internal/x/cc as external dependency cce:/internal/x/cc-fu/dragon-bones.
debug: Resolve cce:/internal/x/cc-fu/gfx-webgl from cce:/internal/x/cc as external dependency cce:/internal/x/cc-fu/gfx-webgl.
debug: Resolve cce:/internal/x/cc-fu/gfx-webgl2 from cce:/internal/x/cc as external dependency cce:/internal/x/cc-fu/gfx-webgl2.
debug: Resolve cce:/internal/x/cc-fu/intersection-2d from cce:/internal/x/cc as external dependency cce:/internal/x/cc-fu/intersection-2d.
debug: Resolve cce:/internal/x/cc-fu/particle from cce:/internal/x/cc as external dependency cce:/internal/x/cc-fu/particle.
debug: Resolve cce:/internal/x/cc-fu/particle-2d from cce:/internal/x/cc as external dependency cce:/internal/x/cc-fu/particle-2d.
debug: Resolve cce:/internal/x/cc-fu/physics-2d-box2d from cce:/internal/x/cc as external dependency cce:/internal/x/cc-fu/physics-2d-box2d.
debug: Resolve cce:/internal/x/cc-fu/physics-2d-framework from cce:/internal/x/cc as external dependency cce:/internal/x/cc-fu/physics-2d-framework.
debug: Resolve cce:/internal/x/cc-fu/physics-ammo from cce:/internal/x/cc as external dependency cce:/internal/x/cc-fu/physics-ammo.
debug: Resolve cce:/internal/x/cc-fu/physics-framework from cce:/internal/x/cc as external dependency cce:/internal/x/cc-fu/physics-framework.
debug: Resolve cce:/internal/x/cc-fu/wait-for-ammo-instantiation from cce:/internal/x/cc as external dependency cce:/internal/x/cc-fu/wait-for-ammo-instantiation.
debug: Resolve cce:/internal/x/cc-fu/primitive from cce:/internal/x/cc as external dependency cce:/internal/x/cc-fu/primitive.
debug: Resolve cce:/internal/x/cc-fu/profiler from cce:/internal/x/cc as external dependency cce:/internal/x/cc-fu/profiler.
debug: Resolve cce:/internal/x/cc-fu/skeletal-animation from cce:/internal/x/cc as external dependency cce:/internal/x/cc-fu/skeletal-animation.
debug: Resolve cce:/internal/x/cc-fu/spine from cce:/internal/x/cc as external dependency cce:/internal/x/cc-fu/spine.
debug: Resolve cce:/internal/x/cc-fu/terrain from cce:/internal/x/cc as external dependency cce:/internal/x/cc-fu/terrain.
debug: Resolve cce:/internal/x/cc-fu/tiled-map from cce:/internal/x/cc as external dependency cce:/internal/x/cc-fu/tiled-map.
debug: Resolve cce:/internal/x/cc-fu/tween from cce:/internal/x/cc as external dependency cce:/internal/x/cc-fu/tween.
debug: Resolve cce:/internal/x/cc-fu/ui from cce:/internal/x/cc as external dependency cce:/internal/x/cc-fu/ui.
debug: Resolve cce:/internal/x/cc-fu/video from cce:/internal/x/cc as external dependency cce:/internal/x/cc-fu/video.
debug: Resolve cce:/internal/x/cc-fu/webview from cce:/internal/x/cc as external dependency cce:/internal/x/cc-fu/webview.
debug: Resolve cce:/internal/x/cc-fu/xr from cce:/internal/x/cc as external dependency cce:/internal/x/cc-fu/xr.
debug: Detected change: cce:/internal/x/prerequisite-imports. Last mtime: Thu Jan 01 1970 09:03:38 GMT+0800 (中国标准时间), Current mtime: Thu Jan 01 1970 08:00:07 GMT+0800 (中国标准时间)
debug: Inspect cce:/internal/x/prerequisite-imports
debug: Resolve file:///E:/myCocosGame/cocosCreator/mySimpleGame/assets/simple-run/scripts/CameraFollow.ts from cce:/internal/x/prerequisite-imports as file:///E:/myCocosGame/cocosCreator/mySimpleGame/assets/simple-run/scripts/CameraFollow.ts.
debug: Inspect file:///E:/myCocosGame/cocosCreator/mySimpleGame/assets/simple-run/scripts/CameraFollow.ts
debug: Resolve cc from file:///E:/myCocosGame/cocosCreator/mySimpleGame/assets/simple-run/scripts/CameraFollow.ts as cce:/internal/x/cc.
debug: Resolve cc from file:///E:/myCocosGame/cocosCreator/mySimpleGame/assets/simple-run/scripts/CameraFollow.ts as cce:/internal/x/cc.
debug: Resolve cc from file:///E:/myCocosGame/cocosCreator/mySimpleGame/assets/simple-run/scripts/CameraFollow.ts as cce:/internal/x/cc.
debug: Resolve file:///E:/myCocosGame/cocosCreator/mySimpleGame/assets/simple-run/scripts/ColliderChecker.ts from cce:/internal/x/prerequisite-imports as file:///E:/myCocosGame/cocosCreator/mySimpleGame/assets/simple-run/scripts/ColliderChecker.ts.
debug: Inspect file:///E:/myCocosGame/cocosCreator/mySimpleGame/assets/simple-run/scripts/ColliderChecker.ts
debug: Resolve cce:/internal/code-quality/cr.mjs from file:///E:/myCocosGame/cocosCreator/mySimpleGame/assets/simple-run/scripts/ColliderChecker.ts as cce:/internal/code-quality/cr.mjs.
debug: Detected change: cce:/internal/code-quality/cr.mjs. Last mtime: Tue Nov 22 2022 09:39:30 GMT+0800 (中国标准时间), Current mtime: Fri Nov 25 2022 14:38:45 GMT+0800 (中国标准时间)
debug: Inspect cce:/internal/code-quality/cr.mjs
debug: Resolve cc from file:///E:/myCocosGame/cocosCreator/mySimpleGame/assets/simple-run/scripts/ColliderChecker.ts as cce:/internal/x/cc.
debug: Resolve cc from file:///E:/myCocosGame/cocosCreator/mySimpleGame/assets/simple-run/scripts/ColliderChecker.ts as cce:/internal/x/cc.
debug: Resolve cc from file:///E:/myCocosGame/cocosCreator/mySimpleGame/assets/simple-run/scripts/ColliderChecker.ts as cce:/internal/x/cc.
debug: Resolve ./PlayerController from file:///E:/myCocosGame/cocosCreator/mySimpleGame/assets/simple-run/scripts/ColliderChecker.ts as file:///E:/myCocosGame/cocosCreator/mySimpleGame/assets/simple-run/scripts/PlayerController.ts.
debug: Inspect file:///E:/myCocosGame/cocosCreator/mySimpleGame/assets/simple-run/scripts/PlayerController.ts
debug: Resolve cce:/internal/code-quality/cr.mjs from file:///E:/myCocosGame/cocosCreator/mySimpleGame/assets/simple-run/scripts/PlayerController.ts as cce:/internal/code-quality/cr.mjs.
debug: Resolve cc from file:///E:/myCocosGame/cocosCreator/mySimpleGame/assets/simple-run/scripts/PlayerController.ts as cce:/internal/x/cc.
debug: Resolve cc from file:///E:/myCocosGame/cocosCreator/mySimpleGame/assets/simple-run/scripts/PlayerController.ts as cce:/internal/x/cc.
debug: Resolve cc from file:///E:/myCocosGame/cocosCreator/mySimpleGame/assets/simple-run/scripts/PlayerController.ts as cce:/internal/x/cc.
debug: Resolve ./GameDefines from file:///E:/myCocosGame/cocosCreator/mySimpleGame/assets/simple-run/scripts/PlayerController.ts as file:///E:/myCocosGame/cocosCreator/mySimpleGame/assets/simple-run/scripts/GameDefines.ts.
debug: Inspect file:///E:/myCocosGame/cocosCreator/mySimpleGame/assets/simple-run/scripts/GameDefines.ts
debug: Resolve cc from file:///E:/myCocosGame/cocosCreator/mySimpleGame/assets/simple-run/scripts/GameDefines.ts as cce:/internal/x/cc.
debug: Resolve file:///E:/myCocosGame/cocosCreator/mySimpleGame/assets/simple-run/scripts/GameDefines.ts from cce:/internal/x/prerequisite-imports as file:///E:/myCocosGame/cocosCreator/mySimpleGame/assets/simple-run/scripts/GameDefines.ts.
debug: Resolve file:///E:/myCocosGame/cocosCreator/mySimpleGame/assets/simple-run/scripts/GameManager.ts from cce:/internal/x/prerequisite-imports as file:///E:/myCocosGame/cocosCreator/mySimpleGame/assets/simple-run/scripts/GameManager.ts.
debug: Inspect file:///E:/myCocosGame/cocosCreator/mySimpleGame/assets/simple-run/scripts/GameManager.ts
debug: Resolve cce:/internal/code-quality/cr.mjs from file:///E:/myCocosGame/cocosCreator/mySimpleGame/assets/simple-run/scripts/GameManager.ts as cce:/internal/code-quality/cr.mjs.
debug: Resolve cc from file:///E:/myCocosGame/cocosCreator/mySimpleGame/assets/simple-run/scripts/GameManager.ts as cce:/internal/x/cc.
debug: Resolve cc from file:///E:/myCocosGame/cocosCreator/mySimpleGame/assets/simple-run/scripts/GameManager.ts as cce:/internal/x/cc.
debug: Resolve cc from file:///E:/myCocosGame/cocosCreator/mySimpleGame/assets/simple-run/scripts/GameManager.ts as cce:/internal/x/cc.
debug: Resolve ./PlayerController from file:///E:/myCocosGame/cocosCreator/mySimpleGame/assets/simple-run/scripts/GameManager.ts as file:///E:/myCocosGame/cocosCreator/mySimpleGame/assets/simple-run/scripts/PlayerController.ts.
debug: Resolve ./GameDefines from file:///E:/myCocosGame/cocosCreator/mySimpleGame/assets/simple-run/scripts/GameManager.ts as file:///E:/myCocosGame/cocosCreator/mySimpleGame/assets/simple-run/scripts/GameDefines.ts.
debug: Resolve file:///E:/myCocosGame/cocosCreator/mySimpleGame/assets/simple-run/scripts/PlayerController.ts from cce:/internal/x/prerequisite-imports as file:///E:/myCocosGame/cocosCreator/mySimpleGame/assets/simple-run/scripts/PlayerController.ts.
debug: Target(preview) ends with cost 349.46240001916885ms.
debug: Pulling asset-db.
debug: Fetch asset-db cost: 102.56800001859665ms.
debug: Build iteration starts.
Number of accumulated asset changes: 5
Feature changed: false
debug: Target(editor) build started.
debug: Detected change: cce:/internal/x/prerequisite-imports. Last mtime: Thu Jan 01 1970 08:00:06 GMT+0800 (中国标准时间), Current mtime: Thu Jan 01 1970 08:00:12 GMT+0800 (中国标准时间)
debug: Inspect cce:/internal/x/prerequisite-imports
debug: Resolve file:///E:/myCocosGame/cocosCreator/mySimpleGame/assets/simple-run/scripts/CameraFollow.ts from cce:/internal/x/prerequisite-imports as file:///E:/myCocosGame/cocosCreator/mySimpleGame/assets/simple-run/scripts/CameraFollow.ts.
debug: Resolve file:///E:/myCocosGame/cocosCreator/mySimpleGame/assets/simple-run/scripts/ColliderChecker.ts from cce:/internal/x/prerequisite-imports as file:///E:/myCocosGame/cocosCreator/mySimpleGame/assets/simple-run/scripts/ColliderChecker.ts.
debug: Resolve file:///E:/myCocosGame/cocosCreator/mySimpleGame/assets/simple-run/scripts/GameDefines.ts from cce:/internal/x/prerequisite-imports as file:///E:/myCocosGame/cocosCreator/mySimpleGame/assets/simple-run/scripts/GameDefines.ts.
debug: Resolve file:///E:/myCocosGame/cocosCreator/mySimpleGame/assets/simple-run/scripts/GameManager.ts from cce:/internal/x/prerequisite-imports as file:///E:/myCocosGame/cocosCreator/mySimpleGame/assets/simple-run/scripts/GameManager.ts.
debug: Resolve file:///E:/myCocosGame/cocosCreator/mySimpleGame/assets/simple-run/scripts/PlayerController.ts from cce:/internal/x/prerequisite-imports as file:///E:/myCocosGame/cocosCreator/mySimpleGame/assets/simple-run/scripts/PlayerController.ts.
debug: Target(editor) ends with cost 29.448799967765808ms.
debug: Target(preview) build started.
debug: Detected change: cce:/internal/x/prerequisite-imports. Last mtime: Thu Jan 01 1970 08:00:07 GMT+0800 (中国标准时间), Current mtime: Thu Jan 01 1970 08:00:12 GMT+0800 (中国标准时间)
debug: Inspect cce:/internal/x/prerequisite-imports
debug: Resolve file:///E:/myCocosGame/cocosCreator/mySimpleGame/assets/simple-run/scripts/CameraFollow.ts from cce:/internal/x/prerequisite-imports as file:///E:/myCocosGame/cocosCreator/mySimpleGame/assets/simple-run/scripts/CameraFollow.ts.
debug: Resolve file:///E:/myCocosGame/cocosCreator/mySimpleGame/assets/simple-run/scripts/ColliderChecker.ts from cce:/internal/x/prerequisite-imports as file:///E:/myCocosGame/cocosCreator/mySimpleGame/assets/simple-run/scripts/ColliderChecker.ts.
debug: Resolve file:///E:/myCocosGame/cocosCreator/mySimpleGame/assets/simple-run/scripts/GameDefines.ts from cce:/internal/x/prerequisite-imports as file:///E:/myCocosGame/cocosCreator/mySimpleGame/assets/simple-run/scripts/GameDefines.ts.
debug: Resolve file:///E:/myCocosGame/cocosCreator/mySimpleGame/assets/simple-run/scripts/GameManager.ts from cce:/internal/x/prerequisite-imports as file:///E:/myCocosGame/cocosCreator/mySimpleGame/assets/simple-run/scripts/GameManager.ts.
debug: Resolve file:///E:/myCocosGame/cocosCreator/mySimpleGame/assets/simple-run/scripts/PlayerController.ts from cce:/internal/x/prerequisite-imports as file:///E:/myCocosGame/cocosCreator/mySimpleGame/assets/simple-run/scripts/PlayerController.ts.
debug: Target(preview) ends with cost 52.371999979019165ms.
